  소스.cpp
c:\users\uic_5\desktop\알고리즘 공부\코드업 기초 100제\1\1\소스.cpp(7): warning C4477: 'scanf_s' : 서식 문자열 '%d'에 'int *' 형식의 인수가 필요하지만 variadic 인수 1의 형식이 '__int64 *'입니다.
  c:\users\uic_5\desktop\알고리즘 공부\코드업 기초 100제\1\1\소스.cpp(7): note: 서식 문자열에서 '%lld'을(를) 사용하는 것이 좋습니다.
  c:\users\uic_5\desktop\알고리즘 공부\코드업 기초 100제\1\1\소스.cpp(7): note: 서식 문자열에서 '%I64d'을(를) 사용하는 것이 좋습니다.
c:\users\uic_5\desktop\알고리즘 공부\코드업 기초 100제\1\1\소스.cpp(7): warning C4477: 'scanf_s' : 서식 문자열 '%d'에 'int *' 형식의 인수가 필요하지만 variadic 인수 2의 형식이 '__int64 *'입니다.
  c:\users\uic_5\desktop\알고리즘 공부\코드업 기초 100제\1\1\소스.cpp(7): note: 서식 문자열에서 '%lld'을(를) 사용하는 것이 좋습니다.
  c:\users\uic_5\desktop\알고리즘 공부\코드업 기초 100제\1\1\소스.cpp(7): note: 서식 문자열에서 '%I64d'을(를) 사용하는 것이 좋습니다.
c:\users\uic_5\desktop\알고리즘 공부\코드업 기초 100제\1\1\소스.cpp(8): warning C4477: 'printf' : 서식 문자열 '%d'에 'int' 형식의 인수가 필요하지만 variadic 인수 1의 형식이 '__int64'입니다.
  c:\users\uic_5\desktop\알고리즘 공부\코드업 기초 100제\1\1\소스.cpp(8): note: 서식 문자열에서 '%lld'을(를) 사용하는 것이 좋습니다.
  c:\users\uic_5\desktop\알고리즘 공부\코드업 기초 100제\1\1\소스.cpp(8): note: 서식 문자열에서 '%I64d'을(를) 사용하는 것이 좋습니다.
c:\users\uic_5\desktop\알고리즘 공부\코드업 기초 100제\1\1\소스.cpp(9): warning C4477: 'printf' : 서식 문자열 '%d'에 'int' 형식의 인수가 필요하지만 variadic 인수 1의 형식이 '__int64'입니다.
  c:\users\uic_5\desktop\알고리즘 공부\코드업 기초 100제\1\1\소스.cpp(9): note: 서식 문자열에서 '%lld'을(를) 사용하는 것이 좋습니다.
  c:\users\uic_5\desktop\알고리즘 공부\코드업 기초 100제\1\1\소스.cpp(9): note: 서식 문자열에서 '%I64d'을(를) 사용하는 것이 좋습니다.
c:\users\uic_5\desktop\알고리즘 공부\코드업 기초 100제\1\1\소스.cpp(10): warning C4477: 'printf' : 서식 문자열 '%d'에 'int' 형식의 인수가 필요하지만 variadic 인수 1의 형식이 '__int64'입니다.
  c:\users\uic_5\desktop\알고리즘 공부\코드업 기초 100제\1\1\소스.cpp(10): note: 서식 문자열에서 '%lld'을(를) 사용하는 것이 좋습니다.
  c:\users\uic_5\desktop\알고리즘 공부\코드업 기초 100제\1\1\소스.cpp(10): note: 서식 문자열에서 '%I64d'을(를) 사용하는 것이 좋습니다.
c:\users\uic_5\desktop\알고리즘 공부\코드업 기초 100제\1\1\소스.cpp(11): warning C4477: 'printf' : 서식 문자열 '%d'에 'int' 형식의 인수가 필요하지만 variadic 인수 1의 형식이 '__int64'입니다.
  c:\users\uic_5\desktop\알고리즘 공부\코드업 기초 100제\1\1\소스.cpp(11): note: 서식 문자열에서 '%lld'을(를) 사용하는 것이 좋습니다.
  c:\users\uic_5\desktop\알고리즘 공부\코드업 기초 100제\1\1\소스.cpp(11): note: 서식 문자열에서 '%I64d'을(를) 사용하는 것이 좋습니다.
c:\users\uic_5\desktop\알고리즘 공부\코드업 기초 100제\1\1\소스.cpp(12): warning C4477: 'printf' : 서식 문자열 '%d'에 'int' 형식의 인수가 필요하지만 variadic 인수 1의 형식이 '__int64'입니다.
  c:\users\uic_5\desktop\알고리즘 공부\코드업 기초 100제\1\1\소스.cpp(12): note: 서식 문자열에서 '%lld'을(를) 사용하는 것이 좋습니다.
  c:\users\uic_5\desktop\알고리즘 공부\코드업 기초 100제\1\1\소스.cpp(12): note: 서식 문자열에서 '%I64d'을(를) 사용하는 것이 좋습니다.
  1.vcxproj -> C:\Users\UIC_5\Desktop\알고리즘 공부\코드업 기초 100제\1\Debug\1.exe
